visited_paths:[[{'score': 50, 'name': 'bull'}, {'score': 50, 'name': 'bull'}, {'score': 25, 'name': 'outer'}, {'score': 21, 'name': 't7'}, {'score': 2, 'name': 'd1'}]]
visited_paths:[[{'score': 50, 'name': 'bull'}, {'score': 50, 'name': 'bull'}, {'score': 25, 'name': 'outer'}, {'score': 21, 'name': 't7'}, {'score': 2, 'name': 's2'}]]
visited_paths:[[{'score': 50, 'name': 'bull'}, {'score': 50, 'name': 'bull'}, {'score': 25, 'name': 'outer'}, {'score': 21, 'name': 't7'}, {'score': 2, 'name': 'd1'}], [{'score': 50, 'name': 'bull'}, {'score': 50, 'name': 'bull'}, {'score': 25, 'name': 'outer'}, {'score': 21, 'name': 't7'}, {'score': 2, 'name': 's2'}]]
visited_paths:[[{'score': 50, 'name': 'bull'}, {'score': 50, 'name': 'bull'}, {'score': 25, 'name': 'outer'}, {'score': 22, 'name': 'd11'}, {'score': 1, 'name': 's1'}]]
visited_paths:[[{'score': 50, 'name': 'bull'}, {'score': 50, 'name': 'bull'}, {'score': 25, 'name': 'outer'}, {'score': 22, 'name': 'd11'}, {'score': 1, 'name': 's1'}]]
visited_paths:[[{'score': 50, 'name': 'bull'}, {'score': 50, 'name': 'bull'}, {'score': 25, 'name': 'outer'}, {'score': 20, 'name': 's20'}, {'score': 3, 'name': 't1'}]]
visited_paths:[[{'score': 50, 'name': 'bull'}, {'score': 50, 'name': 'bull'}, {'score': 25, 'name': 'outer'}, {'score': 20, 'name': 's20'}, {'score': 2, 'name': 'd1'}, {'score': 1, 'name': 's1'}]]
visited_paths:[]
visited_paths:[[{'score': 50, 'name': 'bull'}, {'score': 50, 'name': 'bull'}, {'score': 25, 'name': 'outer'}, {'score': 20, 'name': 's20'}, {'score': 3, 'name': 's3'}]]
visited_paths:[[{'score': 50, 'name': 'bull'}, {'score': 50, 'name': 'bull'}, {'score': 25, 'name': 'outer'}, {'score': 20, 'name': 's20'}, {'score': 3, 'name': 't1'}], [{'score': 50, 'name': 'bull'}, {'score': 50, 'name': 'bull'}, {'score': 25, 'name': 'outer'}, {'score': 20, 'name': 's20'}, {'score': 3, 'name': 's3'}]]
visited_paths:[[{'score': 50, 'name': 'bull'}, {'score': 50, 'name': 'bull'}, {'score': 25, 'name': 'outer'}, {'score': 21, 'name': 't7'}, {'score': 2, 'name': 'd1'}], [{'score': 50, 'name': 'bull'}, {'score': 50, 'name': 'bull'}, {'score': 25, 'name': 'outer'}, {'score': 21, 'name': 't7'}, {'score': 2, 'name': 's2'}], [{'score': 50, 'name': 'bull'}, {'score': 50, 'name': 'bull'}, {'score': 25, 'name': 'outer'}, {'score': 22, 'name': 'd11'}, {'score': 1, 'name': 's1'}], [{'score': 50, 'name': 'bull'}, {'score': 50, 'name': 'bull'}, {'score': 25, 'name': 'outer'}, {'score': 20, 'name': 's20'}, {'score': 3, 'name': 't1'}], [{'score': 50, 'name': 'bull'}, {'score': 50, 'name': 'bull'}, {'score': 25, 'name': 'outer'}, {'score': 20, 'name': 's20'}, {'score': 3, 'name': 's3'}]]
visited_paths:[[{'score': 50, 'name': 'bull'}, {'score': 50, 'name': 'bull'}, {'score': 48, 'name': 't16'}]]
visited_paths:[]
visited_paths:[[{'score': 50, 'name': 'bull'}, {'score': 50, 'name': 'bull'}, {'score': 40, 'name': 'd20'}, {'score': 8, 'name': 'd4'}]]
visited_paths:[[{'score': 50, 'name': 'bull'}, {'score': 50, 'name': 'bull'}, {'score': 40, 'name': 'd20'}, {'score': 8, 'name': 's8'}]]
visited_paths:[]
visited_paths:[]
visited_paths:[]
visited_paths:[[{'score': 50, 'name': 'bull'}, {'score': 50, 'name': 'bull'}, {'score': 20, 'name': 's20'}, {'score': 28, 'name': 'd14'}]]
visited_paths:[]
visited_paths:[]
visited_paths:[[{'score': 50, 'name': 'bull'}, {'score': 50, 'name': 'bull'}, {'score': 25, 'name': 'outer'}, {'score': 21, 'name': 't7'}, {'score': 2, 'name': 'd1'}], [{'score': 50, 'name': 'bull'}, {'score': 50, 'name': 'bull'}, {'score': 25, 'name': 'outer'}, {'score': 21, 'name': 't7'}, {'score': 2, 'name': 's2'}], [{'score': 50, 'name': 'bull'}, {'score': 50, 'name': 'bull'}, {'score': 25, 'name': 'outer'}, {'score': 22, 'name': 'd11'}, {'score': 1, 'name': 's1'}], [{'score': 50, 'name': 'bull'}, {'score': 50, 'name': 'bull'}, {'score': 25, 'name': 'outer'}, {'score': 20, 'name': 's20'}, {'score': 3, 'name': 't1'}], [{'score': 50, 'name': 'bull'}, {'score': 50, 'name': 'bull'}, {'score': 25, 'name': 'outer'}, {'score': 20, 'name': 's20'}, {'score': 3, 'name': 's3'}], [{'score': 50, 'name': 'bull'}, {'score': 50, 'name': 'bull'}, {'score': 48, 'name': 't16'}]]
visited_paths:[]
visited_paths:[]
visited_paths:[]
visited_paths:[]
visited_paths:[]
visited_paths:[[{'score': 50, 'name': 'bull'}, {'score': 25, 'name': 'outer'}, {'score': 25, 'name': 'outer'}, {'score': 48, 'name': 't16'}]]
visited_paths:[]
visited_paths:[]
visited_paths:[]
visited_paths:[]
visited_paths:[]
visited_paths:[[{'score': 50, 'name': 'bull'}, {'score': 25, 'name': 'outer'}, {'score': 60, 'name': 't20'}, {'score': 13, 'name': 's13'}]]
visited_paths:[]
visited_paths:[]
visited_paths:[[{'score': 50, 'name': 'bull'}, {'score': 25, 'name': 'outer'}, {'score': 40, 'name': 'd20'}, {'score': 33, 'name': 't11'}]]
visited_paths:[]
visited_paths:[]
visited_paths:[]
visited_paths:[]
visited_paths:[]
visited_paths:[]
visited_paths:[]
visited_paths:[]
visited_paths:[]
visited_paths:[]
visited_paths:[]
visited_paths:[]
visited_paths:[[{'score': 50, 'name': 'bull'}, {'score': 60, 'name': 't20'}, {'score': 25, 'name': 'outer'}, {'score': 13, 'name': 's13'}]]
visited_paths:[]
visited_paths:[[{'score': 50, 'name': 'bull'}, {'score': 60, 'name': 't20'}, {'score': 36, 'name': 't12'}, {'score': 2, 'name': 'd1'}]]
visited_paths:[[{'score': 50, 'name': 'bull'}, {'score': 60, 'name': 't20'}, {'score': 36, 'name': 't12'}, {'score': 2, 'name': 's2'}]]
visited_paths:[]
visited_paths:[[{'score': 50, 'name': 'bull'}, {'score': 60, 'name': 't20'}, {'score': 38, 'name': 'd19'}]]
visited_paths:[[{'score': 50, 'name': 'bull'}, {'score': 60, 'name': 't20'}, {'score': 20, 'name': 's20'}, {'score': 18, 'name': 't6'}]]
visited_paths:[[{'score': 50, 'name': 'bull'}, {'score': 60, 'name': 't20'}, {'score': 20, 'name': 's20'}, {'score': 18, 'name': 'd9'}]]
visited_paths:[[{'score': 50, 'name': 'bull'}, {'score': 60, 'name': 't20'}, {'score': 20, 'name': 's20'}, {'score': 18, 'name': 's18'}]]
visited_paths:[]
visited_paths:[[{'score': 60, 'name': 't20'}, {'score': 50, 'name': 'bull'}, {'score': 38, 'name': 'd19'}]]
visited_paths:[]
visited_paths:[[{'score': 50, 'name': 'bull'}, {'score': 40, 'name': 'd20'}, {'score': 50, 'name': 'bull'}, {'score': 8, 'name': 'd4'}]]
visited_paths:[[{'score': 50, 'name': 'bull'}, {'score': 40, 'name': 'd20'}, {'score': 50, 'name': 'bull'}, {'score': 8, 'name': 's8'}]]
visited_paths:[]
visited_paths:[]
visited_paths:[[{'score': 50, 'name': 'bull'}, {'score': 40, 'name': 'd20'}, {'score': 25, 'name': 'outer'}, {'score': 33, 'name': 't11'}]]
visited_paths:[]
visited_paths:[]
visited_paths:[]
visited_paths:[[{'score': 50, 'name': 'bull'}, {'score': 40, 'name': 'd20'}, {'score': 57, 'name': 't19'}, {'score': 1, 'name': 's1'}]]
visited_paths:[]
visited_paths:[[{'score': 50, 'name': 'bull'}, {'score': 40, 'name': 'd20'}, {'score': 40, 'name': 'd20'}, {'score': 18, 'name': 't6'}]]
visited_paths:[[{'score': 50, 'name': 'bull'}, {'score': 40, 'name': 'd20'}, {'score': 40, 'name': 'd20'}, {'score': 18, 'name': 'd9'}]]
visited_paths:[[{'score': 50, 'name': 'bull'}, {'score': 40, 'name': 'd20'}, {'score': 40, 'name': 'd20'}, {'score': 18, 'name': 's18'}]]
visited_paths:[]
visited_paths:[]
visited_paths:[]
visited_paths:[[{'score': 50, 'name': 'bull'}, {'score': 40, 'name': 'd20'}, {'score': 20, 'name': 's20'}, {'score': 38, 'name': 'd19'}]]
visited_paths:[]
visited_paths:[]
visited_paths:[]
visited_paths:[]
visited_paths:[]
visited_paths:[[{'score': 50, 'name': 'bull'}, {'score': 20, 'name': 's20'}, {'score': 50, 'name': 'bull'}, {'score': 28, 'name': 'd14'}]]
visited_paths:[]
visited_paths:[]
visited_paths:[]
visited_paths:[]
visited_paths:[]
visited_paths:[]
visited_paths:[]
visited_paths:[]
visited_paths:[[{'score': 50, 'name': 'bull'}, {'score': 20, 'name': 's20'}, {'score': 60, 'name': 't20'}, {'score': 18, 'name': 't6'}]]
visited_paths:[[{'score': 50, 'name': 'bull'}, {'score': 20, 'name': 's20'}, {'score': 60, 'name': 't20'}, {'score': 18, 'name': 'd9'}]]
visited_paths:[[{'score': 50, 'name': 'bull'}, {'score': 20, 'name': 's20'}, {'score': 60, 'name': 't20'}, {'score': 18, 'name': 's18'}]]
visited_paths:[]
visited_paths:[]
visited_paths:[]
visited_paths:[[{'score': 50, 'name': 'bull'}, {'score': 20, 'name': 's20'}, {'score': 40, 'name': 'd20'}, {'score': 38, 'name': 'd19'}]]
visited_paths:[]
visited_paths:[]
visited_paths:[]
visited_paths:[]
visited_paths:[]
visited_paths:[]
visited_paths:[]
visited_paths:[]
visited_paths:[]
visited_paths:[[{'score': 50, 'name': 'bull'}, {'score': 50, 'name': 'bull'}, {'score': 25, 'name': 'outer'}, {'score': 21, 'name': 't7'}, {'score': 2, 'name': 'd1'}], [{'score': 50, 'name': 'bull'}, {'score': 50, 'name': 'bull'}, {'score': 25, 'name': 'outer'}, {'score': 21, 'name': 't7'}, {'score': 2, 'name': 's2'}], [{'score': 50, 'name': 'bull'}, {'score': 50, 'name': 'bull'}, {'score': 25, 'name': 'outer'}, {'score': 22, 'name': 'd11'}, {'score': 1, 'name': 's1'}], [{'score': 50, 'name': 'bull'}, {'score': 50, 'name': 'bull'}, {'score': 25, 'name': 'outer'}, {'score': 20, 'name': 's20'}, {'score': 3, 'name': 't1'}], [{'score': 50, 'name': 'bull'}, {'score': 50, 'name': 'bull'}, {'score': 25, 'name': 'outer'}, {'score': 20, 'name': 's20'}, {'score': 3, 'name': 's3'}], [{'score': 50, 'name': 'bull'}, {'score': 50, 'name': 'bull'}, {'score': 48, 'name': 't16'}], [{'score': 60, 'name': 't20'}, {'score': 50, 'name': 'bull'}, {'score': 38, 'name': 'd19'}]]
visited_paths:[]
visited_paths:[]
visited_paths:[]
visited_paths:[]
visited_paths:[]
visited_paths:[[{'score': 25, 'name': 'outer'}, {'score': 50, 'name': 'bull'}, {'score': 25, 'name': 'outer'}, {'score': 48, 'name': 't16'}]]
visited_paths:[]
visited_paths:[]
visited_paths:[]
visited_paths:[]
visited_paths:[]
visited_paths:[[{'score': 25, 'name': 'outer'}, {'score': 50, 'name': 'bull'}, {'score': 60, 'name': 't20'}, {'score': 13, 'name': 's13'}]]
visited_paths:[]
visited_paths:[]
visited_paths:[[{'score': 25, 'name': 'outer'}, {'score': 50, 'name': 'bull'}, {'score': 40, 'name': 'd20'}, {'score': 33, 'name': 't11'}]]
visited_paths:[]
visited_paths:[]
visited_paths:[]
visited_paths:[]
visited_paths:[]
visited_paths:[]
visited_paths:[]
visited_paths:[]
visited_paths:[]
visited_paths:[]
visited_paths:[]
visited_paths:[[{'score': 25, 'name': 'outer'}, {'score': 25, 'name': 'outer'}, {'score': 50, 'name': 'bull'}, {'score': 48, 'name': 't16'}]]
visited_paths:[]
visited_paths:[]
visited_paths:[]
visited_paths:[]
visited_paths:[]
visited_paths:[]
visited_paths:[]
visited_paths:[]
visited_paths:[]
visited_paths:[]
visited_paths:[]
visited_paths:[[{'score': 25, 'name': 'outer'}, {'score': 25, 'name': 'outer'}, {'score': 60, 'name': 't20'}, {'score': 38, 'name': 'd19'}]]
visited_paths:[]
visited_paths:[]
visited_paths:[]
visited_paths:[]
visited_paths:[]
visited_paths:[]
visited_paths:[]
visited_paths:[]
visited_paths:[]
visited_paths:[]
visited_paths:[]
visited_paths:[]
visited_paths:[]
visited_paths:[]
visited_paths:[]
visited_paths:[]
visited_paths:[]
visited_paths:[[{'score': 25, 'name': 'outer'}, {'score': 60, 'name': 't20'}, {'score': 50, 'name': 'bull'}, {'score': 13, 'name': 's13'}]]
visited_paths:[]
visited_paths:[]
visited_paths:[]
visited_paths:[[{'score': 25, 'name': 'outer'}, {'score': 60, 'name': 't20'}, {'score': 25, 'name': 'outer'}, {'score': 38, 'name': 'd19'}]]
visited_paths:[]
visited_paths:[]
visited_paths:[[{'score': 25, 'name': 'outer'}, {'score': 60, 'name': 't20'}, {'score': 60, 'name': 't20'}, {'score': 3, 'name': 't1'}]]
visited_paths:[]
visited_paths:[[{'score': 25, 'name': 'outer'}, {'score': 60, 'name': 't20'}, {'score': 60, 'name': 't20'}, {'score': 3, 'name': 's3'}]]
visited_paths:[]
visited_paths:[]
visited_paths:[]
visited_paths:[]
visited_paths:[]
visited_paths:[]
visited_paths:[]
visited_paths:[]
visited_paths:[]
visited_paths:[]
visited_paths:[]
visited_paths:[]
visited_paths:[[{'score': 25, 'name': 'outer'}, {'score': 40, 'name': 'd20'}, {'score': 50, 'name': 'bull'}, {'score': 33, 'name': 't11'}]]
visited_paths:[]
visited_paths:[]
visited_paths:[]
visited_paths:[]
visited_paths:[]
visited_paths:[]
visited_paths:[]
visited_paths:[]
visited_paths:[]
visited_paths:[]
visited_paths:[]
visited_paths:[]
visited_paths:[]
visited_paths:[]
visited_paths:[]
visited_paths:[]
visited_paths:[]
visited_paths:[]
visited_paths:[]
visited_paths:[]
visited_paths:[]
visited_paths:[]
visited_paths:[]
visited_paths:[]
visited_paths:[]
visited_paths:[]
visited_paths:[]
visited_paths:[]
visited_paths:[]
visited_paths:[]
visited_paths:[]
visited_paths:[]
visited_paths:[]
visited_paths:[]
visited_paths:[]
visited_paths:[]
visited_paths:[]
visited_paths:[]
visited_paths:[]
visited_paths:[]
visited_paths:[]
visited_paths:[]
visited_paths:[]
visited_paths:[]
visited_paths:[]
visited_paths:[]
visited_paths:[]
visited_paths:[]
visited_paths:[]
visited_paths:[]
visited_paths:[]
visited_paths:[]
visited_paths:[]
visited_paths:[]
visited_paths:[]
visited_paths:[]
visited_paths:[]
visited_paths:[]
visited_paths:[[{'score': 60, 'name': 't20'}, {'score': 50, 'name': 'bull'}, {'score': 25, 'name': 'outer'}, {'score': 13, 'name': 's13'}]]
visited_paths:[]
visited_paths:[[{'score': 60, 'name': 't20'}, {'score': 50, 'name': 'bull'}, {'score': 36, 'name': 't12'}, {'score': 2, 'name': 'd1'}]]
visited_paths:[[{'score': 60, 'name': 't20'}, {'score': 50, 'name': 'bull'}, {'score': 36, 'name': 't12'}, {'score': 2, 'name': 's2'}]]
visited_paths:[]
visited_paths:[[{'score': 60, 'name': 't20'}, {'score': 50, 'name': 'bull'}, {'score': 38, 'name': 'd19'}]]
visited_paths:[[{'score': 60, 'name': 't20'}, {'score': 50, 'name': 'bull'}, {'score': 20, 'name': 's20'}, {'score': 18, 'name': 't6'}]]
visited_paths:[[{'score': 60, 'name': 't20'}, {'score': 50, 'name': 'bull'}, {'score': 20, 'name': 's20'}, {'score': 18, 'name': 'd9'}]]
visited_paths:[[{'score': 60, 'name': 't20'}, {'score': 50, 'name': 'bull'}, {'score': 20, 'name': 's20'}, {'score': 18, 'name': 's18'}]]
visited_paths:[]
visited_paths:[[{'score': 60, 'name': 't20'}, {'score': 50, 'name': 'bull'}, {'score': 38, 'name': 'd19'}]]
visited_paths:[]
visited_paths:[]
visited_paths:[[{'score': 60, 'name': 't20'}, {'score': 25, 'name': 'outer'}, {'score': 50, 'name': 'bull'}, {'score': 13, 'name': 's13'}]]
visited_paths:[]
visited_paths:[]
visited_paths:[]
visited_paths:[[{'score': 60, 'name': 't20'}, {'score': 25, 'name': 'outer'}, {'score': 25, 'name': 'outer'}, {'score': 38, 'name': 'd19'}]]
visited_paths:[]
visited_paths:[]
visited_paths:[[{'score': 60, 'name': 't20'}, {'score': 25, 'name': 'outer'}, {'score': 60, 'name': 't20'}, {'score': 3, 'name': 't1'}]]
visited_paths:[]
visited_paths:[[{'score': 60, 'name': 't20'}, {'score': 25, 'name': 'outer'}, {'score': 60, 'name': 't20'}, {'score': 3, 'name': 's3'}]]
visited_paths:[]
visited_paths:[]
visited_paths:[]
visited_paths:[]
visited_paths:[]
visited_paths:[]
visited_paths:[]
visited_paths:[]
visited_paths:[]
visited_paths:[]
visited_paths:[]
visited_paths:[[{'score': 60, 'name': 't20'}, {'score': 60, 'name': 't20'}, {'score': 25, 'name': 'outer'}, {'score': 3, 'name': 't1'}]]
visited_paths:[]
visited_paths:[[{'score': 60, 'name': 't20'}, {'score': 60, 'name': 't20'}, {'score': 25, 'name': 'outer'}, {'score': 3, 'name': 's3'}]]
visited_paths:[]
visited_paths:[[{'score': 60, 'name': 't20'}, {'score': 60, 'name': 't20'}, {'score': 27, 'name': 't9'}, {'score': 1, 'name': 's1'}]]
visited_paths:[]
visited_paths:[[{'score': 60, 'name': 't20'}, {'score': 60, 'name': 't20'}, {'score': 28, 'name': 'd14'}]]
visited_paths:[]
visited_paths:[[{'score': 60, 'name': 't20'}, {'score': 60, 'name': 't20'}, {'score': 20, 'name': 's20'}, {'score': 8, 'name': 'd4'}]]
visited_paths:[[{'score': 60, 'name': 't20'}, {'score': 60, 'name': 't20'}, {'score': 20, 'name': 's20'}, {'score': 8, 'name': 's8'}]]
visited_paths:[]
visited_paths:[[{'score': 60, 'name': 't20'}, {'score': 60, 'name': 't20'}, {'score': 28, 'name': 'd14'}]]
visited_paths:[]
visited_paths:[]
visited_paths:[]
visited_paths:[]
visited_paths:[[{'score': 60, 'name': 't20'}, {'score': 40, 'name': 'd20'}, {'score': 48, 'name': 't16'}]]
visited_paths:[]
visited_paths:[[{'score': 60, 'name': 't20'}, {'score': 40, 'name': 'd20'}, {'score': 40, 'name': 'd20'}, {'score': 8, 'name': 'd4'}]]
visited_paths:[[{'score': 60, 'name': 't20'}, {'score': 40, 'name': 'd20'}, {'score': 40, 'name': 'd20'}, {'score': 8, 'name': 's8'}]]
visited_paths:[]
visited_paths:[]
visited_paths:[]
visited_paths:[[{'score': 60, 'name': 't20'}, {'score': 40, 'name': 'd20'}, {'score': 20, 'name': 's20'}, {'score': 28, 'name': 'd14'}]]
visited_paths:[]
visited_paths:[]
visited_paths:[[{'score': 60, 'name': 't20'}, {'score': 48, 'name': 't16'}, {'score': 40, 'name': 'd20'}]]
visited_paths:[[{'score': 60, 'name': 't20'}, {'score': 20, 'name': 's20'}, {'score': 50, 'name': 'bull'}, {'score': 18, 'name': 't6'}]]
visited_paths:[[{'score': 60, 'name': 't20'}, {'score': 20, 'name': 's20'}, {'score': 50, 'name': 'bull'}, {'score': 18, 'name': 'd9'}]]
visited_paths:[[{'score': 60, 'name': 't20'}, {'score': 20, 'name': 's20'}, {'score': 50, 'name': 'bull'}, {'score': 18, 'name': 's18'}]]
visited_paths:[]
visited_paths:[]
visited_paths:[]
visited_paths:[]
visited_paths:[]
visited_paths:[]
visited_paths:[]
visited_paths:[[{'score': 60, 'name': 't20'}, {'score': 20, 'name': 's20'}, {'score': 60, 'name': 't20'}, {'score': 8, 'name': 'd4'}]]
visited_paths:[[{'score': 60, 'name': 't20'}, {'score': 20, 'name': 's20'}, {'score': 60, 'name': 't20'}, {'score': 8, 'name': 's8'}]]
visited_paths:[]
visited_paths:[]
visited_paths:[]
visited_paths:[[{'score': 60, 'name': 't20'}, {'score': 20, 'name': 's20'}, {'score': 40, 'name': 'd20'}, {'score': 28, 'name': 'd14'}]]
visited_paths:[]
visited_paths:[]
visited_paths:[]
visited_paths:[[{'score': 60, 'name': 't20'}, {'score': 20, 'name': 's20'}, {'score': 20, 'name': 's20'}, {'score': 48, 'name': 't16'}]]
visited_paths:[]
visited_paths:[]
visited_paths:[]
visited_paths:[]
visited_paths:[[{'score': 60, 'name': 't20'}, {'score': 50, 'name': 'bull'}, {'score': 38, 'name': 'd19'}], [{'score': 60, 'name': 't20'}, {'score': 60, 'name': 't20'}, {'score': 28, 'name': 'd14'}], [{'score': 60, 'name': 't20'}, {'score': 48, 'name': 't16'}, {'score': 40, 'name': 'd20'}]]
visited_paths:[]
visited_paths:[[{'score': 40, 'name': 'd20'}, {'score': 50, 'name': 'bull'}, {'score': 50, 'name': 'bull'}, {'score': 8, 'name': 'd4'}]]
visited_paths:[[{'score': 40, 'name': 'd20'}, {'score': 50, 'name': 'bull'}, {'score': 50, 'name': 'bull'}, {'score': 8, 'name': 's8'}]]
visited_paths:[]
visited_paths:[]
visited_paths:[[{'score': 40, 'name': 'd20'}, {'score': 50, 'name': 'bull'}, {'score': 25, 'name': 'outer'}, {'score': 33, 'name': 't11'}]]
visited_paths:[]
visited_paths:[]
visited_paths:[]
visited_paths:[[{'score': 40, 'name': 'd20'}, {'score': 50, 'name': 'bull'}, {'score': 57, 'name': 't19'}, {'score': 1, 'name': 's1'}]]
visited_paths:[]
visited_paths:[[{'score': 40, 'name': 'd20'}, {'score': 50, 'name': 'bull'}, {'score': 40, 'name': 'd20'}, {'score': 18, 'name': 't6'}]]
visited_paths:[[{'score': 40, 'name': 'd20'}, {'score': 50, 'name': 'bull'}, {'score': 40, 'name': 'd20'}, {'score': 18, 'name': 'd9'}]]
visited_paths:[[{'score': 40, 'name': 'd20'}, {'score': 50, 'name': 'bull'}, {'score': 40, 'name': 'd20'}, {'score': 18, 'name': 's18'}]]
visited_paths:[]
visited_paths:[]
visited_paths:[]
visited_paths:[[{'score': 40, 'name': 'd20'}, {'score': 50, 'name': 'bull'}, {'score': 20, 'name': 's20'}, {'score': 38, 'name': 'd19'}]]
visited_paths:[]
visited_paths:[]
visited_paths:[]
visited_paths:[]
visited_paths:[[{'score': 40, 'name': 'd20'}, {'score': 25, 'name': 'outer'}, {'score': 50, 'name': 'bull'}, {'score': 33, 'name': 't11'}]]
visited_paths:[]
visited_paths:[]
visited_paths:[]
visited_paths:[]
visited_paths:[]
visited_paths:[]
visited_paths:[]
visited_paths:[]
visited_paths:[]
visited_paths:[]
visited_paths:[]
visited_paths:[]
visited_paths:[]
visited_paths:[]
visited_paths:[]
visited_paths:[]
visited_paths:[]
visited_paths:[]
visited_paths:[]
visited_paths:[]
visited_paths:[]
visited_paths:[]
visited_paths:[]
visited_paths:[]
visited_paths:[]
visited_paths:[]
visited_paths:[]
visited_paths:[]
visited_paths:[]
visited_paths:[[{'score': 40, 'name': 'd20'}, {'score': 60, 'name': 't20'}, {'score': 48, 'name': 't16'}]]
visited_paths:[]
visited_paths:[[{'score': 40, 'name': 'd20'}, {'score': 60, 'name': 't20'}, {'score': 40, 'name': 'd20'}, {'score': 8, 'name': 'd4'}]]
visited_paths:[[{'score': 40, 'name': 'd20'}, {'score': 60, 'name': 't20'}, {'score': 40, 'name': 'd20'}, {'score': 8, 'name': 's8'}]]
visited_paths:[]
visited_paths:[]
visited_paths:[]
visited_paths:[[{'score': 40, 'name': 'd20'}, {'score': 60, 'name': 't20'}, {'score': 20, 'name': 's20'}, {'score': 28, 'name': 'd14'}]]
visited_paths:[]
visited_paths:[]
visited_paths:[[{'score': 60, 'name': 't20'}, {'score': 48, 'name': 't16'}, {'score': 40, 'name': 'd20'}]]
visited_paths:[[{'score': 40, 'name': 'd20'}, {'score': 40, 'name': 'd20'}, {'score': 50, 'name': 'bull'}, {'score': 18, 'name': 't6'}]]
visited_paths:[[{'score': 40, 'name': 'd20'}, {'score': 40, 'name': 'd20'}, {'score': 50, 'name': 'bull'}, {'score': 18, 'name': 'd9'}]]
visited_paths:[[{'score': 40, 'name': 'd20'}, {'score': 40, 'name': 'd20'}, {'score': 50, 'name': 'bull'}, {'score': 18, 'name': 's18'}]]
visited_paths:[]
visited_paths:[]
visited_paths:[]
visited_paths:[]
visited_paths:[]
visited_paths:[]
visited_paths:[]
visited_paths:[[{'score': 40, 'name': 'd20'}, {'score': 40, 'name': 'd20'}, {'score': 60, 'name': 't20'}, {'score': 8, 'name': 'd4'}]]
visited_paths:[[{'score': 40, 'name': 'd20'}, {'score': 40, 'name': 'd20'}, {'score': 60, 'name': 't20'}, {'score': 8, 'name': 's8'}]]
visited_paths:[]
visited_paths:[]
visited_paths:[]
visited_paths:[[{'score': 40, 'name': 'd20'}, {'score': 40, 'name': 'd20'}, {'score': 40, 'name': 'd20'}, {'score': 28, 'name': 'd14'}]]
visited_paths:[]
visited_paths:[]
visited_paths:[]
visited_paths:[[{'score': 40, 'name': 'd20'}, {'score': 40, 'name': 'd20'}, {'score': 20, 'name': 's20'}, {'score': 48, 'name': 't16'}]]
visited_paths:[]
visited_paths:[]
visited_paths:[]
visited_paths:[]
visited_paths:[]
visited_paths:[]
visited_paths:[[{'score': 40, 'name': 'd20'}, {'score': 20, 'name': 's20'}, {'score': 50, 'name': 'bull'}, {'score': 38, 'name': 'd19'}]]
visited_paths:[]
visited_paths:[]
visited_paths:[]
visited_paths:[]
visited_paths:[]
visited_paths:[]
visited_paths:[]
visited_paths:[]
visited_paths:[]
visited_paths:[]
visited_paths:[[{'score': 40, 'name': 'd20'}, {'score': 20, 'name': 's20'}, {'score': 60, 'name': 't20'}, {'score': 28, 'name': 'd14'}]]
visited_paths:[]
visited_paths:[]
visited_paths:[]
visited_paths:[[{'score': 40, 'name': 'd20'}, {'score': 20, 'name': 's20'}, {'score': 40, 'name': 'd20'}, {'score': 48, 'name': 't16'}]]
visited_paths:[]
visited_paths:[]
visited_paths:[]
visited_paths:[]
visited_paths:[]
visited_paths:[]
visited_paths:[]
visited_paths:[]
visited_paths:[]
visited_paths:[]
visited_paths:[[{'score': 60, 'name': 't20'}, {'score': 48, 'name': 't16'}, {'score': 40, 'name': 'd20'}]]
visited_paths:[]
visited_paths:[]
visited_paths:[[{'score': 20, 'name': 's20'}, {'score': 50, 'name': 'bull'}, {'score': 50, 'name': 'bull'}, {'score': 28, 'name': 'd14'}]]
visited_paths:[]
visited_paths:[]
visited_paths:[]
visited_paths:[]
visited_paths:[]
visited_paths:[]
visited_paths:[]
visited_paths:[]
visited_paths:[[{'score': 20, 'name': 's20'}, {'score': 50, 'name': 'bull'}, {'score': 60, 'name': 't20'}, {'score': 18, 'name': 't6'}]]
visited_paths:[[{'score': 20, 'name': 's20'}, {'score': 50, 'name': 'bull'}, {'score': 60, 'name': 't20'}, {'score': 18, 'name': 'd9'}]]
visited_paths:[[{'score': 20, 'name': 's20'}, {'score': 50, 'name': 'bull'}, {'score': 60, 'name': 't20'}, {'score': 18, 'name': 's18'}]]
visited_paths:[]
visited_paths:[]
visited_paths:[]
visited_paths:[[{'score': 20, 'name': 's20'}, {'score': 50, 'name': 'bull'}, {'score': 40, 'name': 'd20'}, {'score': 38, 'name': 'd19'}]]
visited_paths:[]
visited_paths:[]
visited_paths:[]
visited_paths:[]
visited_paths:[]
visited_paths:[]
visited_paths:[]
visited_paths:[]
visited_paths:[]
visited_paths:[]
visited_paths:[]
visited_paths:[]
visited_paths:[]
visited_paths:[]
visited_paths:[]
visited_paths:[]
visited_paths:[]
visited_paths:[]
visited_paths:[]
visited_paths:[]
visited_paths:[]
visited_paths:[]
visited_paths:[]
visited_paths:[]
visited_paths:[]
visited_paths:[]
visited_paths:[]
visited_paths:[]
visited_paths:[]
visited_paths:[]
visited_paths:[]
visited_paths:[]
visited_paths:[]
visited_paths:[]
visited_paths:[]
visited_paths:[]
visited_paths:[]
visited_paths:[]
visited_paths:[]
visited_paths:[[{'score': 20, 'name': 's20'}, {'score': 60, 'name': 't20'}, {'score': 50, 'name': 'bull'}, {'score': 18, 'name': 't6'}]]
visited_paths:[[{'score': 20, 'name': 's20'}, {'score': 60, 'name': 't20'}, {'score': 50, 'name': 'bull'}, {'score': 18, 'name': 'd9'}]]
visited_paths:[[{'score': 20, 'name': 's20'}, {'score': 60, 'name': 't20'}, {'score': 50, 'name': 'bull'}, {'score': 18, 'name': 's18'}]]
visited_paths:[]
visited_paths:[]
visited_paths:[]
visited_paths:[]
visited_paths:[]
visited_paths:[]
visited_paths:[]
visited_paths:[[{'score': 20, 'name': 's20'}, {'score': 60, 'name': 't20'}, {'score': 60, 'name': 't20'}, {'score': 8, 'name': 'd4'}]]
visited_paths:[[{'score': 20, 'name': 's20'}, {'score': 60, 'name': 't20'}, {'score': 60, 'name': 't20'}, {'score': 8, 'name': 's8'}]]
visited_paths:[]
visited_paths:[]
visited_paths:[]
visited_paths:[[{'score': 20, 'name': 's20'}, {'score': 60, 'name': 't20'}, {'score': 40, 'name': 'd20'}, {'score': 28, 'name': 'd14'}]]
visited_paths:[]
visited_paths:[]
visited_paths:[]
visited_paths:[[{'score': 20, 'name': 's20'}, {'score': 60, 'name': 't20'}, {'score': 20, 'name': 's20'}, {'score': 48, 'name': 't16'}]]
visited_paths:[]
visited_paths:[]
visited_paths:[]
visited_paths:[]
visited_paths:[]
visited_paths:[]
visited_paths:[[{'score': 20, 'name': 's20'}, {'score': 40, 'name': 'd20'}, {'score': 50, 'name': 'bull'}, {'score': 38, 'name': 'd19'}]]
visited_paths:[]
visited_paths:[]
visited_paths:[]
visited_paths:[]
visited_paths:[]
visited_paths:[]
visited_paths:[]
visited_paths:[]
visited_paths:[]
visited_paths:[]
visited_paths:[[{'score': 20, 'name': 's20'}, {'score': 40, 'name': 'd20'}, {'score': 60, 'name': 't20'}, {'score': 28, 'name': 'd14'}]]
visited_paths:[]
visited_paths:[]
visited_paths:[]
visited_paths:[[{'score': 20, 'name': 's20'}, {'score': 40, 'name': 'd20'}, {'score': 40, 'name': 'd20'}, {'score': 48, 'name': 't16'}]]
visited_paths:[]
visited_paths:[]
visited_paths:[]
visited_paths:[]
visited_paths:[]
visited_paths:[]
visited_paths:[]
visited_paths:[]
visited_paths:[]
visited_paths:[]
visited_paths:[]
visited_paths:[]
visited_paths:[]
visited_paths:[]
visited_paths:[]
visited_paths:[]
visited_paths:[]
visited_paths:[]
visited_paths:[]
visited_paths:[]
visited_paths:[]
visited_paths:[]
visited_paths:[]
visited_paths:[[{'score': 20, 'name': 's20'}, {'score': 20, 'name': 's20'}, {'score': 60, 'name': 't20'}, {'score': 48, 'name': 't16'}]]
visited_paths:[]
visited_paths:[]
visited_paths:[]
visited_paths:[]
visited_paths:[]
visited_paths:[]
visited_paths:[]
visited_paths:[]
visited_paths:[]
visited_paths:[]
visited_paths:[]
visited_paths:[]
visited_paths:[]
visited_paths:[]
visited_paths:[]
visited_paths:[]
visited_paths:[]
min_throws:[[{'score': 50, 'name': 'bull'}, {'score': 50, 'name': 'bull'}, {'score': 48, 'name': 't16'}], [{'score': 60, 'name': 't20'}, {'score': 50, 'name': 'bull'}, {'score': 38, 'name': 'd19'}], [{'score': 60, 'name': 't20'}, {'score': 50, 'name': 'bull'}, {'score': 38, 'name': 'd19'}], [{'score': 60, 'name': 't20'}, {'score': 60, 'name': 't20'}, {'score': 28, 'name': 'd14'}], [{'score': 60, 'name': 't20'}, {'score': 48, 'name': 't16'}, {'score': 40, 'name': 'd20'}], [{'score': 60, 'name': 't20'}, {'score': 48, 'name': 't16'}, {'score': 40, 'name': 'd20'}]]
['t20', 't20', 'd14']
